<?xml version="1.0" encoding="UTF-8"?>
<testsuite xmlns:xsi="http://www.w3.org/2001/XMLSchema-instance" xsi:noNamespaceSchemaLocation="https://maven.apache.org/surefire/maven-surefire-plugin/xsd/surefire-test-report-3.0.xsd" version="3.0" name="edu.coursera.concurrent.ListSetTest" time="909.418" tests="6" errors="0" skipped="0" failures="0">
  <properties>
    <property name="sun.desktop" value="windows"/>
    <property name="awt.toolkit" value="sun.awt.windows.WToolkit"/>
    <property name="file.encoding.pkg" value="sun.io"/>
    <property name="java.specification.version" value="1.8"/>
    <property name="sun.cpu.isalist" value="amd64"/>
    <property name="sun.jnu.encoding" value="Cp1252"/>
    <property name="java.class.path" value="C:\Users\grego\Java\CourseraProjects\Concurrent Progrmming in Java\miniproject_1\target\test-classes;C:\Users\grego\Java\CourseraProjects\Concurrent Progrmming in Java\miniproject_1\target\classes;C:\Users\grego\.m2\repository\org\apache\maven\plugins\maven-resources-plugin\3.3.1\maven-resources-plugin-3.3.1.jar;C:\Users\grego\.m2\repository\org\codehaus\plexus\plexus-interpolation\1.26\plexus-interpolation-1.26.jar;C:\Users\grego\.m2\repository\org\codehaus\plexus\plexus-utils\3.5.1\plexus-utils-3.5.1.jar;C:\Users\grego\.m2\repository\org\apache\maven\shared\maven-filtering\3.3.1\maven-filtering-3.3.1.jar;C:\Users\grego\.m2\repository\javax\inject\javax.inject\1\javax.inject-1.jar;C:\Users\grego\.m2\repository\org\slf4j\slf4j-api\1.7.36\slf4j-api-1.7.36.jar;C:\Users\grego\.m2\repository\org\sonatype\plexus\plexus-build-api\0.0.7\plexus-build-api-0.0.7.jar;C:\Users\grego\.m2\repository\commons-io\commons-io\2.11.0\commons-io-2.11.0.jar;C:\Users\grego\.m2\repository\org\apache\commons\commons-lang3\3.12.0\commons-lang3-3.12.0.jar;C:\Users\grego\.m2\repository\junit\junit\4.13.2\junit-4.13.2.jar;C:\Users\grego\.m2\repository\org\hamcrest\hamcrest-core\1.3\hamcrest-core-1.3.jar;"/>
    <property name="java.vm.vendor" value="OpenLogic-OpenJDK"/>
    <property name="sun.arch.data.model" value="64"/>
    <property name="user.variant" value=""/>
    <property name="java.vendor.url" value="http://java.oracle.com/"/>
    <property name="user.timezone" value="Asia/Jerusalem"/>
    <property name="user.country.format" value="IL"/>
    <property name="java.vm.specification.version" value="1.8"/>
    <property name="os.name" value="Windows 10"/>
    <property name="user.country" value="US"/>
    <property name="sun.java.launcher" value="SUN_STANDARD"/>
    <property name="sun.boot.library.path" value="C:\Program Files\OpenLogic\jdk-8.0.442.06-hotspot\jre\bin"/>
    <property name="sun.java.command" value="C:\Users\grego\AppData\Local\Temp\surefire171087961250121600\surefirebooter-20250527095937666_3.jar C:\Users\grego\AppData\Local\Temp\surefire171087961250121600 2025-05-27T09-59-37_316-jvmRun1 surefire-20250527095937666_1tmp surefire_0-20250527095937666_2tmp"/>
    <property name="surefire.test.class.path" value="C:\Users\grego\Java\CourseraProjects\Concurrent Progrmming in Java\miniproject_1\target\test-classes;C:\Users\grego\Java\CourseraProjects\Concurrent Progrmming in Java\miniproject_1\target\classes;C:\Users\grego\.m2\repository\org\apache\maven\plugins\maven-resources-plugin\3.3.1\maven-resources-plugin-3.3.1.jar;C:\Users\grego\.m2\repository\org\codehaus\plexus\plexus-interpolation\1.26\plexus-interpolation-1.26.jar;C:\Users\grego\.m2\repository\org\codehaus\plexus\plexus-utils\3.5.1\plexus-utils-3.5.1.jar;C:\Users\grego\.m2\repository\org\apache\maven\shared\maven-filtering\3.3.1\maven-filtering-3.3.1.jar;C:\Users\grego\.m2\repository\javax\inject\javax.inject\1\javax.inject-1.jar;C:\Users\grego\.m2\repository\org\slf4j\slf4j-api\1.7.36\slf4j-api-1.7.36.jar;C:\Users\grego\.m2\repository\org\sonatype\plexus\plexus-build-api\0.0.7\plexus-build-api-0.0.7.jar;C:\Users\grego\.m2\repository\commons-io\commons-io\2.11.0\commons-io-2.11.0.jar;C:\Users\grego\.m2\repository\org\apache\commons\commons-lang3\3.12.0\commons-lang3-3.12.0.jar;C:\Users\grego\.m2\repository\junit\junit\4.13.2\junit-4.13.2.jar;C:\Users\grego\.m2\repository\org\hamcrest\hamcrest-core\1.3\hamcrest-core-1.3.jar;"/>
    <property name="sun.cpu.endian" value="little"/>
    <property name="user.home" value="C:\Users\grego"/>
    <property name="user.language" value="en"/>
    <property name="java.specification.vendor" value="Oracle Corporation"/>
    <property name="java.home" value="C:\Program Files\OpenLogic\jdk-8.0.442.06-hotspot\jre"/>
    <property name="basedir" value="C:\Users\grego\Java\CourseraProjects\Concurrent Progrmming in Java\miniproject_1"/>
    <property name="file.separator" value="\"/>
    <property name="line.separator" value="&#10;"/>
    <property name="java.vm.specification.vendor" value="Oracle Corporation"/>
    <property name="java.specification.name" value="Java Platform API Specification"/>
    <property name="java.awt.graphicsenv" value="sun.awt.Win32GraphicsEnvironment"/>
    <property name="surefire.real.class.path" value="C:\Users\grego\AppData\Local\Temp\surefire171087961250121600\surefirebooter-20250527095937666_3.jar"/>
    <property name="sun.boot.class.path" value="C:\Program Files\OpenLogic\jdk-8.0.442.06-hotspot\jre\lib\resources.jar;C:\Program Files\OpenLogic\jdk-8.0.442.06-hotspot\jre\lib\rt.jar;C:\Program Files\OpenLogic\jdk-8.0.442.06-hotspot\jre\lib\sunrsasign.jar;C:\Program Files\OpenLogic\jdk-8.0.442.06-hotspot\jre\lib\jsse.jar;C:\Program Files\OpenLogic\jdk-8.0.442.06-hotspot\jre\lib\jce.jar;C:\Program Files\OpenLogic\jdk-8.0.442.06-hotspot\jre\lib\charsets.jar;C:\Program Files\OpenLogic\jdk-8.0.442.06-hotspot\jre\lib\jfr.jar;C:\Program Files\OpenLogic\jdk-8.0.442.06-hotspot\jre\classes"/>
    <property name="user.script" value=""/>
    <property name="sun.management.compiler" value="HotSpot 64-Bit Tiered Compilers"/>
    <property name="java.runtime.version" value="1.8.0_442-442-b06"/>
    <property name="user.name" value="grego"/>
    <property name="path.separator" value=";"/>
    <property name="os.version" value="10.0"/>
    <property name="java.endorsed.dirs" value="C:\Program Files\OpenLogic\jdk-8.0.442.06-hotspot\jre\lib\endorsed"/>
    <property name="java.runtime.name" value="OpenJDK Runtime Environment"/>
    <property name="file.encoding" value="Cp1252"/>
    <property name="java.vm.name" value="OpenJDK 64-Bit Server VM"/>
    <property name="localRepository" value="C:\Users\grego\.m2\repository"/>
    <property name="java.vendor.url.bug" value="http://bugreport.sun.com/bugreport/"/>
    <property name="java.io.tmpdir" value="C:\Users\grego\AppData\Local\Temp\"/>
    <property name="java.version" value="1.8.0_442-442"/>
    <property name="user.dir" value="C:\Users\grego\Java\CourseraProjects\Concurrent Progrmming in Java\miniproject_1"/>
    <property name="os.arch" value="amd64"/>
    <property name="java.vm.specification.name" value="Java Virtual Machine Specification"/>
    <property name="java.awt.printerjob" value="sun.awt.windows.WPrinterJob"/>
    <property name="sun.os.patch.level" value=""/>
    <property name="java.library.path" value="C:\Program Files\OpenLogic\jdk-8.0.442.06-hotspot\jre\bin;C:\Windows\Sun\Java\bin;C:\Windows\system32;C:\Windows;C:\Program Files\OpenLogic\jdk-8.0.442.06-hotspot\bin;C:\Program Files (x86)\NVIDIA Corporation\PhysX\Common;C:\Python312\Scripts\;C:\Python312\;C:\Windows\system32;C:\Windows;C:\Windows\System32\Wbem;C:\Windows\System32\WindowsPowerShell\v1.0\;C:\Windows\System32\OpenSSH\;C:\Program Files (x86)\Calibre2\;C:\Program Files\dotnet\;C:\ProgramData\chocolatey\bin;C:\Program Files\Git\cmd;C:\Program Files\Microsoft SQL Server\Client SDK\ODBC\170\Tools\Binn\;C:\Program Files (x86)\Microsoft SQL Server\150\Tools\Binn\;C:\Program Files\Microsoft SQL Server\150\Tools\Binn\;C:\Program Files\Microsoft SQL Server\150\DTS\Binn\;C:\Program Files (x86)\Windows Kits\8.1\Windows Performance Toolkit\;C:\Program Files\nodejs\;C:\Users\grego\Java\apache-maven-3.9.9\bin;C:\Users\grego\AppData\Local\Microsoft\WindowsApps;C:\Users\grego\AppData\Local\Programs\Microsoft VS Code\bin;C:\Users\grego\AppData\Local\GitHubDesktop\bin;C:\Users\grego\AppData\Roaming\npm;c:\Users\grego\AppData\Roaming\Code\User\globalStorage\github.copilot-chat\debugCommand;."/>
    <property name="java.vm.info" value="mixed mode"/>
    <property name="java.vendor" value="OpenLogic-OpenJDK"/>
    <property name="java.vm.version" value="25.442-b06"/>
    <property name="java.specification.maintenance.version" value="6"/>
    <property name="java.ext.dirs" value="C:\Program Files\OpenLogic\jdk-8.0.442.06-hotspot\jre\lib\ext;C:\Windows\Sun\Java\lib\ext"/>
    <property name="sun.io.unicode.encoding" value="UnicodeLittle"/>
    <property name="java.class.version" value="52.0"/>
  </properties>
  <testcase name="testCoarseGrainedLockingRandomLarge" classname="edu.coursera.concurrent.ListSetTest" time="281.049">
    <system-out><![CDATA[=========================================================
CoarseList vs. SyncList (Large Random)
=========================================================
# threads = 8
0.8254129837454895x improvement in add throughput (6.41713374710477 -> 5.2967855132916215)
0.9607125427037578x improvement in contains throughput (20.32004064008128 -> 19.521717911176182)
0.9021528450782224x improvement in remove throughput (24.553999616343756 -> 22.151460611934098)
=========================================================
]]></system-out>
  </testcase>
  <testcase name="testReadWriteLocksRandomLarge" classname="edu.coursera.concurrent.ListSetTest" time="257.164">
    <system-out><![CDATA[=========================================================
RWCoarseList vs. SyncList (Large Random)
=========================================================
# threads = 8
0.8616570973555174x improvement in add throughput (7.782101167315175 -> 6.705502703155777)
5.779993297587132x improvement in contains throughput (18.55341353819394 -> 107.23860589812332)
0.7541704857928505x improvement in remove throughput (25.927726462485822 -> 19.55392606171708)
=========================================================
]]></system-out>
  </testcase>
  <testcase name="testReadWriteLocksRandomSmall" classname="edu.coursera.concurrent.ListSetTest" time="73.963">
    <system-out><![CDATA[=========================================================
RWCoarseList vs. SyncList (Small Random)
=========================================================
# threads = 8
0.8388613481882762x improvement in add throughput (19.495552577068356 -> 16.354065518474982)
5.039976133651551x improvement in contains throughput (37.88327216763348 -> 190.9307875894988)
0.9667280681556529x improvement in remove throughput (38.10884839823746 -> 36.84089339166475)
=========================================================
]]></system-out>
  </testcase>
  <testcase name="testCoarseGrainedLockingRepeatingLarge" classname="edu.coursera.concurrent.ListSetTest" time="134.492">
    <system-out><![CDATA[=========================================================
CoarseList vs. SyncList (Large Repeating)
=========================================================
# threads = 8
0.9424624784167885x improvement in add throughput (108.23303926266242 -> 102.0055784300704)
0.9126660438834331x improvement in contains throughput (95.86578789694428 -> 87.49344938367244)
1.5924528301886791x improvement in remove throughput (1819.9052132701422 -> 2898.1132075471696)
=========================================================
]]></system-out>
  </testcase>
  <testcase name="testReadWriteLocksRepeatingLarge" classname="edu.coursera.concurrent.ListSetTest" time="106.019">
    <system-out><![CDATA[=========================================================
RWCoarseList vs. SyncList (Large Repeating)
=========================================================
# threads = 8
1.0031041701759031x improvement in add throughput (92.11725759247709 -> 92.40320523618163)
6.109481915933529x improvement in contains throughput (87.77142857142857 -> 536.2379555927943)
0.8144007155635062x improvement in remove throughput (2108.7314662273475 -> 1717.3524150268336)
=========================================================
]]></system-out>
  </testcase>
  <testcase name="testReadWriteLocksRepeatingSmall" classname="edu.coursera.concurrent.ListSetTest" time="56.694">
    <system-out><![CDATA[=========================================================
RWCoarseList vs. SyncList (Small Repeating)
=========================================================
# threads = 8
0.9705312136487011x improvement in add throughput (109.58278637064095 -> 106.3535146513045)
5.280612244897959x improvement in contains throughput (92.7536231884058 -> 489.7959183673469)
2.463512429831596x improvement in remove throughput (625.0 -> 1539.6952686447473)
=========================================================
]]></system-out>
  </testcase>
</testsuite>